This is e-pTeX, Version 3.141592653-p4.0.0-220214-2.6 (utf8.sjis) (TeX Live 2022) (preloaded format=platex 2022.10.4)  10 JAN 2023 16:30
entering extended mode
 restricted \write18 enabled.
 file:line:error style messages enabled.
 %&-line parsing enabled.
**c:/Users/Owner/Desktop/研究/卒論/KoheiMatsumoto.tex
(c:/Users/Owner/Desktop/研究/卒論/KoheiMatsumoto.tex
pLaTeX2e <2021-11-15> (based on LaTeX2e <2022-06-01> patch level 5)
L3 programming layer <2022-09-28> (c:/texlive/2022/texmf-dist/tex/platex/base/jarticle.cls
Document Class: jarticle 2020/09/30 v1.8f Standard pLaTeX class
\c@@paper=\count184
(c:/texlive/2022/texmf-dist/tex/platex/base/jsize12.clo
File: jsize12.clo 2020/09/30 v1.8f Standard pLaTeX file (size option)
)
\c@part=\count185
\c@section=\count186
\c@subsection=\count187
\c@subsubsection=\count188
\c@paragraph=\count189
\c@subparagraph=\count190
\c@figure=\count191
\c@table=\count192
\abovecaptionskip=\skip47
\belowcaptionskip=\skip48
\symmincho=\mathgroup4
LaTeX Font Info:    Overwriting symbol font `mincho' in version `bold'
(Font)                  JY1/mc/m/n --> JY1/gt/m/n on input line 615.
\toclineskip=\dimen154
\@lnumwidth=\dimen155
\bibindent=\dimen156
\heisei=\count193
) (./gradthesis.sty (c:/texlive/2022/texmf-dist/tex/latex/fancyhdr/fancyhdr.sty
Package: fancyhdr 2022/05/18 v4.0.3 Extensive control of page headers and footers
\f@nch@headwidth=\skip49
\f@nch@O@elh=\skip50
\f@nch@O@erh=\skip51
\f@nch@O@olh=\skip52
\f@nch@O@orh=\skip53
\f@nch@O@elf=\skip54
\f@nch@O@erf=\skip55
\f@nch@O@olf=\skip56
\f@nch@O@orf=\skip57
)) (c:/texlive/2022/texmf-dist/tex/latex/amsmath/amsmath.sty
Package: amsmath 2022/04/08 v2.17n AMS math features
\@mathmargin=\skip58
For additional information on amsmath, use the `?' option.
(c:/texlive/2022/texmf-dist/tex/latex/amsmath/amstext.sty
Package: amstext 2021/08/26 v2.01 AMS text
(c:/texlive/2022/texmf-dist/tex/latex/amsmath/amsgen.sty
File: amsgen.sty 1999/11/30 v2.0 generic functions
\@emptytoks=\toks17
\ex@=\dimen157
)) (c:/texlive/2022/texmf-dist/tex/latex/amsmath/amsbsy.sty
Package: amsbsy 1999/11/29 v1.2d Bold Symbols
\pmbraise@=\dimen158
) (c:/texlive/2022/texmf-dist/tex/latex/amsmath/amsopn.sty
Package: amsopn 2022/04/08 v2.04 operator names
)
\inf@bad=\count194
LaTeX Info: Redefining \frac on input line 234.
\uproot@=\count195
\leftroot@=\count196
LaTeX Info: Redefining \overline on input line 399.
LaTeX Info: Redefining \colon on input line 410.
\classnum@=\count197
\DOTSCASE@=\count198
LaTeX Info: Redefining \ldots on input line 496.
LaTeX Info: Redefining \dots on input line 499.
LaTeX Info: Redefining \cdots on input line 620.
\Mathstrutbox@=\box68
\strutbox@=\box69
LaTeX Info: Redefining \big on input line 722.
LaTeX Info: Redefining \Big on input line 723.
LaTeX Info: Redefining \bigg on input line 724.
LaTeX Info: Redefining \Bigg on input line 725.
\big@size=\dimen159
LaTeX Font Info:    Redeclaring font encoding OML on input line 743.
LaTeX Font Info:    Redeclaring font encoding OMS on input line 744.
\macc@depth=\count199
LaTeX Info: Redefining \bmod on input line 905.
LaTeX Info: Redefining \pmod on input line 910.
LaTeX Info: Redefining \smash on input line 940.
LaTeX Info: Redefining \relbar on input line 970.
LaTeX Info: Redefining \Relbar on input line 971.
\c@MaxMatrixCols=\count266
\dotsspace@=\muskip16
\c@parentequation=\count267
\dspbrk@lvl=\count268
\tag@help=\toks18
\row@=\count269
\column@=\count270
\maxfields@=\count271
\andhelp@=\toks19
\eqnshift@=\dimen160
\alignsep@=\dimen161
\tagshift@=\dimen162
\tagwidth@=\dimen163
\totwidth@=\dimen164
\lineht@=\dimen165
\@envbody=\toks20
\multlinegap=\skip59
\multlinetaggap=\skip60
\mathdisplay@stack=\toks21
LaTeX Info: Redefining \[ on input line 2953.
LaTeX Info: Redefining \] on input line 2954.
) (c:/texlive/2022/texmf-dist/tex/latex/graphics/graphicx.sty
Package: graphicx 2021/09/16 v1.2d Enhanced LaTeX Graphics (DPC,SPQR)
(c:/texlive/2022/texmf-dist/tex/latex/graphics/keyval.sty
Package: keyval 2022/05/29 v1.15 key=value parser (DPC)
\KV@toks@=\toks22
) (c:/texlive/2022/texmf-dist/tex/latex/graphics/graphics.sty
Package: graphics 2022/03/10 v1.4e Standard LaTeX Graphics (DPC,SPQR)
(c:/texlive/2022/texmf-dist/tex/latex/graphics/trig.sty
Package: trig 2021/08/11 v1.11 sin cos tan (DPC)
) (c:/texlive/2022/texmf-dist/tex/latex/graphics-cfg/graphics.cfg
File: graphics.cfg 2016/06/04 v1.11 sample graphics configuration
)
Package graphics Info: Driver file: dvipdfmx.def on input line 107.
(c:/texlive/2022/texmf-dist/tex/latex/graphics-def/dvipdfmx.def
File: dvipdfmx.def 2022/09/22 v5.0m Graphics/color driver for dvipdfmx
\stockwidth=\dimen166
\stockheight=\dimen167
))
\Gin@req@height=\dimen168
\Gin@req@width=\dimen169
) (c:/texlive/2022/texmf-dist/tex/latex/amsfonts/amssymb.sty
Package: amssymb 2013/01/14 v3.01 AMS font symbols
(c:/texlive/2022/texmf-dist/tex/latex/amsfonts/amsfonts.sty
Package: amsfonts 2013/01/14 v3.01 Basic AMSFonts support
\symAMSa=\mathgroup5
\symAMSb=\mathgroup6
LaTeX Font Info:    Redeclaring math symbol \hbar on input line 98.
LaTeX Font Info:    Overwriting math alphabet `\mathfrak' in version `bold'
(Font)                  U/euf/m/n --> U/euf/b/n on input line 106.
)) (c:/texlive/2022/texmf-dist/tex/latex/algorithms/algorithm.sty
Package: algorithm 2009/08/24 v0.1 Document Style `algorithm' - floating environment
(c:/texlive/2022/texmf-dist/tex/latex/float/float.sty
Package: float 2001/11/08 v1.3d Float enhancements (AL)
\c@float@type=\count272
\float@exts=\toks23
\float@box=\box70
\@float@everytoks=\toks24
\@floatcapt=\box71
) (c:/texlive/2022/texmf-dist/tex/latex/base/ifthen.sty
Package: ifthen 2022/04/13 v1.1d Standard LaTeX ifthen package (DPC)
)
\@float@every@algorithm=\toks25
\c@algorithm=\count273
) (c:/texlive/2022/texmf-dist/tex/latex/algorithms/algorithmic.sty
Package: algorithmic 2009/08/24 v0.1 Document Style `algorithmic'
\c@ALC@unique=\count274
\c@ALC@line=\count275
\c@ALC@rem=\count276
\c@ALC@depth=\count277
\ALC@tlm=\skip61
\algorithmicindent=\skip62
) (c:/texlive/2022/texmf-dist/tex/latex/caption/subcaption.sty
Package: subcaption 2022/01/07 v1.5 Sub-captions (AR)
(c:/texlive/2022/texmf-dist/tex/latex/caption/caption.sty
Package: caption 2022/03/01 v3.6b Customizing captions (AR)
(c:/texlive/2022/texmf-dist/tex/latex/caption/caption3.sty
Package: caption3 2022/03/17 v2.3b caption3 kernel (AR)
\caption@tempdima=\dimen170
\captionmargin=\dimen171
\caption@leftmargin=\dimen172
\caption@rightmargin=\dimen173
\caption@width=\dimen174
\caption@indent=\dimen175
\caption@parindent=\dimen176
\caption@hangindent=\dimen177
Package caption Info: Unknown document class (or package),
(caption)             standard defaults will be used.
Package caption Info: \@makecaption = \long macro:#1#2->\vskip \abovecaptionskip \iftdir \sbox \@tempboxa {#1\hskip 1zw#2}\else \sbox \@tempboxa {#1: #2}\fi \ifdim \wd \@tempboxa >\hsize \iftdir #1\hskip 1zw#2\relax \par \else #1: #2\relax \par \fi \else \global \@minipagefalse \hb@xt@ \hsize {\hfil \box \@tempboxa \hfil }\fi \vskip \belowcaptionskip  on input line 1176.
)

Package caption Warning: Unknown document class (or package),
(caption)                standard defaults will be used.
See the caption package documentation for explanation.

\c@caption@flags=\count278
\c@continuedfloat=\count279
Package caption Info: float package is loaded.
)
\c@subfigure=\count280
\c@subtable=\count281
) (c:/texlive/2022/texmf-dist/tex/latex/graphics/color.sty
Package: color 2022/01/06 v1.3d Standard LaTeX Color (DPC)
(c:/texlive/2022/texmf-dist/tex/latex/graphics-cfg/color.cfg
File: color.cfg 2016/01/02 v1.6 sample color configuration
)
Package color Info: Driver file: dvipdfmx.def on input line 149.
(c:/texlive/2022/texmf-dist/tex/latex/graphics/dvipsnam.def
File: dvipsnam.def 2016/06/17 v3.0m Driver-dependent file (DPC,SPQR)
) (c:/texlive/2022/texmf-dist/tex/latex/graphics/mathcolor.ltx)) (c:/texlive/2022/texmf-dist/tex/latex/l3backend/l3backend-dvips.def
File: l3backend-dvips.def 2022-09-28 L3 backend support: dvips
\l__pdf_internal_box=\box72
\g__pdf_backend_object_int=\count282
\l__pdf_backend_content_box=\box73
\l__pdf_backend_model_box=\box74
\g__pdf_backend_annotation_int=\count283
\g__pdf_backend_link_int=\count284
\g__pdf_backend_link_sf_int=\count285
) (out/KoheiMatsumoto.aux)
\openout1 = `KoheiMatsumoto.aux'.

LaTeX Font Info:    Checking defaults for OML/cmm/m/it on input line 62.
LaTeX Font Info:    ... okay on input line 62.
LaTeX Font Info:    Checking defaults for OMS/cmsy/m/n on input line 62.
LaTeX Font Info:    ... okay on input line 62.
LaTeX Font Info:    Checking defaults for OT1/cmr/m/n on input line 62.
LaTeX Font Info:    ... okay on input line 62.
LaTeX Font Info:    Checking defaults for T1/cmr/m/n on input line 62.
LaTeX Font Info:    ... okay on input line 62.
LaTeX Font Info:    Checking defaults for TS1/cmr/m/n on input line 62.
LaTeX Font Info:    ... okay on input line 62.
LaTeX Font Info:    Checking defaults for OMX/cmex/m/n on input line 62.
LaTeX Font Info:    ... okay on input line 62.
LaTeX Font Info:    Checking defaults for U/cmr/m/n on input line 62.
LaTeX Font Info:    ... okay on input line 62.
LaTeX Font Info:    Checking defaults for JY1/mc/m/n on input line 62.
LaTeX Font Info:    ... okay on input line 62.
LaTeX Font Info:    Checking defaults for JT1/mc/m/n on input line 62.
LaTeX Font Info:    ... okay on input line 62.
Package caption Info: Begin \AtBeginDocument code.
Package caption Info: End \AtBeginDocument code.
LaTeX Font Info:    Trying to load font information for U+msa on input line 63.
(c:/texlive/2022/texmf-dist/tex/latex/amsfonts/umsa.fd
File: umsa.fd 2013/01/14 v3.01 AMS symbols A
)
LaTeX Font Info:    Trying to load font information for U+msb on input line 63.
(c:/texlive/2022/texmf-dist/tex/latex/amsfonts/umsb.fd
File: umsb.fd 2013/01/14 v3.01 AMS symbols B
) [1

] [2

]
LaTeX Font Info:    Font shape `JT1/mc/bx/n' in size <17.28> not available
(Font)              Font shape `JT1/gt/m/n' tried instead on input line 63.
LaTeX Font Info:    Font shape `JY1/mc/bx/n' in size <17.28> not available
(Font)              Font shape `JY1/gt/m/n' tried instead on input line 63.
(out/KoheiMatsumoto.toc
LaTeX Font Info:    Font shape `JT1/mc/bx/n' in size <12> not available
(Font)              Font shape `JT1/gt/m/n' tried instead on input line 1.
LaTeX Font Info:    Font shape `JY1/mc/bx/n' in size <12> not available
(Font)              Font shape `JY1/gt/m/n' tried instead on input line 1.
LaTeX Font Info:    Kanji font shape `JY1/gt/m/it' undefined
(Font)              No change on input line 18.
LaTeX Font Info:    Kanji font shape `JY1/gt/m/it' undefined
(Font)              No change on input line 19.

Package fancyhdr Warning: \headheight is too small (14.22636pt): 
(fancyhdr)                Make it at least 16.49998pt, for example:
(fancyhdr)                \setlength{\headheight}{16.49998pt}.
(fancyhdr)                You might also make \topmargin smaller to compensate:
(fancyhdr)                \addtolength{\topmargin}{-2.27362pt}.

[1])
\tf@toc=\write3
\openout3 = `KoheiMatsumoto.toc'.


Package fancyhdr Warning: \headheight is too small (14.22636pt): 
(fancyhdr)                Make it at least 16.49998pt, for example:
(fancyhdr)                \setlength{\headheight}{16.49998pt}.
(fancyhdr)                You might also make \topmargin smaller to compensate:
(fancyhdr)                \addtolength{\topmargin}{-2.27362pt}.

[2]
LaTeX Font Info:    Font shape `JT1/mc/bx/n' in size <10.95> not available
(Font)              Font shape `JT1/gt/m/n' tried instead on input line 65.
LaTeX Font Info:    Font shape `JY1/mc/bx/n' in size <10.95> not available
(Font)              Font shape `JY1/gt/m/n' tried instead on input line 65.
LaTeX Font Info:    Kanji font shape `JY1/gt/m/it' undefined
(Font)              No change on input line 87.

Package fancyhdr Warning: \headheight is too small (14.22636pt): 
(fancyhdr)                Make it at least 16.49998pt, for example:
(fancyhdr)                \setlength{\headheight}{16.49998pt}.
(fancyhdr)                You might also make \topmargin smaller to compensate:
(fancyhdr)                \addtolength{\topmargin}{-2.27362pt}.

[1

]

Package fancyhdr Warning: \headheight is too small (14.22636pt): 
(fancyhdr)                Make it at least 16.49998pt, for example:
(fancyhdr)                \setlength{\headheight}{16.49998pt}.
(fancyhdr)                You might also make \topmargin smaller to compensate:
(fancyhdr)                \addtolength{\topmargin}{-2.27362pt}.

[2]
LaTeX Font Info:    Kanji font shape `JY1/gt/m/it' undefined
(Font)              No change on input line 180.
LaTeX Font Info:    Font shape `JT1/mc/bx/n' in size <14.4> not available
(Font)              Font shape `JT1/gt/m/n' tried instead on input line 186.
LaTeX Font Info:    Font shape `JY1/mc/bx/n' in size <14.4> not available
(Font)              Font shape `JY1/gt/m/n' tried instead on input line 186.

Package fancyhdr Warning: \headheight is too small (14.22636pt): 
(fancyhdr)                Make it at least 16.49998pt, for example:
(fancyhdr)                \setlength{\headheight}{16.49998pt}.
(fancyhdr)                You might also make \topmargin smaller to compensate:
(fancyhdr)                \addtolength{\topmargin}{-2.27362pt}.

[3]

Package fancyhdr Warning: \headheight is too small (14.22636pt): 
(fancyhdr)                Make it at least 16.49998pt, for example:
(fancyhdr)                \setlength{\headheight}{16.49998pt}.
(fancyhdr)                You might also make \topmargin smaller to compensate:
(fancyhdr)                \addtolength{\topmargin}{-2.27362pt}.

[4]
Overfull \hbox (14.16913pt too wide) in paragraph at lines 325--328
[]\JY1/mc/m/n/12 この章では ， 提案手法の基にな っ た \OT1/cmr/m/n/12 AMTDS\JY1/mc/m/n/12 ， \OT1/cmr/m/n/12 AMTDS/LD\JY1/mc/m/n/12 ， \OT1/cmr/m/n/12 AMTDS/EDC\JY1/mc/m/n/12 ， \OT1/cmr/m/n/12 AMTDS/ESC
 []


Package fancyhdr Warning: \headheight is too small (14.22636pt): 
(fancyhdr)                Make it at least 16.49998pt, for example:
(fancyhdr)                \setlength{\headheight}{16.49998pt}.
(fancyhdr)                You might also make \topmargin smaller to compensate:
(fancyhdr)                \addtolength{\topmargin}{-2.27362pt}.

[5]

Package fancyhdr Warning: \headheight is too small (14.22636pt): 
(fancyhdr)                Make it at least 16.49998pt, for example:
(fancyhdr)                \setlength{\headheight}{16.49998pt}.
(fancyhdr)                You might also make \topmargin smaller to compensate:
(fancyhdr)                \addtolength{\topmargin}{-2.27362pt}.

[6]
LaTeX Font Info:    Kanji font shape `JY1/gt/m/it' undefined
(Font)              No change on input line 402.

Package fancyhdr Warning: \headheight is too small (14.22636pt): 
(fancyhdr)                Make it at least 16.49998pt, for example:
(fancyhdr)                \setlength{\headheight}{16.49998pt}.
(fancyhdr)                You might also make \topmargin smaller to compensate:
(fancyhdr)                \addtolength{\topmargin}{-2.27362pt}.

[7]

Package fancyhdr Warning: \headheight is too small (14.22636pt): 
(fancyhdr)                Make it at least 16.49998pt, for example:
(fancyhdr)                \setlength{\headheight}{16.49998pt}.
(fancyhdr)                You might also make \topmargin smaller to compensate:
(fancyhdr)                \addtolength{\topmargin}{-2.27362pt}.

[8]

Package fancyhdr Warning: \headheight is too small (14.22636pt): 
(fancyhdr)                Make it at least 16.49998pt, for example:
(fancyhdr)                \setlength{\headheight}{16.49998pt}.
(fancyhdr)                You might also make \topmargin smaller to compensate:
(fancyhdr)                \addtolength{\topmargin}{-2.27362pt}.

[9]

Package fancyhdr Warning: \headheight is too small (14.22636pt): 
(fancyhdr)                Make it at least 16.49998pt, for example:
(fancyhdr)                \setlength{\headheight}{16.49998pt}.
(fancyhdr)                You might also make \topmargin smaller to compensate:
(fancyhdr)                \addtolength{\topmargin}{-2.27362pt}.

[10]
File: figures/Flowchart.png Graphic file (type bmp)
<figures/Flowchart.png>

Package fancyhdr Warning: \headheight is too small (14.22636pt): 
(fancyhdr)                Make it at least 16.49998pt, for example:
(fancyhdr)                \setlength{\headheight}{16.49998pt}.
(fancyhdr)                You might also make \topmargin smaller to compensate:
(fancyhdr)                \addtolength{\topmargin}{-2.27362pt}.

[11]

Package fancyhdr Warning: \headheight is too small (14.22636pt): 
(fancyhdr)                Make it at least 16.49998pt, for example:
(fancyhdr)                \setlength{\headheight}{16.49998pt}.
(fancyhdr)                You might also make \topmargin smaller to compensate:
(fancyhdr)                \addtolength{\topmargin}{-2.27362pt}.

[12]
LaTeX Font Info:    Kanji font shape `JY1/gt/m/it' undefined
(Font)              No change on input line 642.
LaTeX Font Info:    Kanji font shape `JY1/gt/m/it' undefined
(Font)              No change on input line 642.

Package fancyhdr Warning: \headheight is too small (14.22636pt): 
(fancyhdr)                Make it at least 16.49998pt, for example:
(fancyhdr)                \setlength{\headheight}{16.49998pt}.
(fancyhdr)                You might also make \topmargin smaller to compensate:
(fancyhdr)                \addtolength{\topmargin}{-2.27362pt}.

[13]
LaTeX Font Info:    Font shape `JT1/gt/bx/n' in size <12> not available
(Font)              Font shape `JT1/gt/m/n' tried instead on input line 712.
LaTeX Font Info:    Font shape `JY1/gt/bx/n' in size <12> not available
(Font)              Font shape `JY1/gt/m/n' tried instead on input line 712.
LaTeX Font Info:    Kanji font shape `JY1/gt/bx/it' undefined
(Font)              No change on input line 712.
LaTeX Font Info:    Kanji font shape `JY1/gt/m/it' undefined
(Font)              No change on input line 713.
LaTeX Font Info:    Kanji font shape `JY1/gt/m/it' undefined
(Font)              No change on input line 721.
LaTeX Font Info:    Kanji font shape `JY1/gt/m/it' undefined
(Font)              No change on input line 724.
LaTeX Font Info:    Kanji font shape `JY1/gt/m/it' undefined
(Font)              No change on input line 726.
LaTeX Font Info:    Kanji font shape `JY1/gt/bx/it' undefined
(Font)              No change on input line 729.
LaTeX Font Info:    Kanji font shape `JY1/gt/m/it' undefined
(Font)              No change on input line 730.
LaTeX Font Info:    Kanji font shape `JY1/gt/m/it' undefined
(Font)              No change on input line 739.
LaTeX Font Info:    Kanji font shape `JY1/gt/m/it' undefined
(Font)              No change on input line 739.

Package fancyhdr Warning: \headheight is too small (14.22636pt): 
(fancyhdr)                Make it at least 16.49998pt, for example:
(fancyhdr)                \setlength{\headheight}{16.49998pt}.
(fancyhdr)                You might also make \topmargin smaller to compensate:
(fancyhdr)                \addtolength{\topmargin}{-2.27362pt}.

[14]
Overfull \hbox (31.02707pt too wide) in paragraph at lines 749--749
[]\OT1/cmr/bx/n/14.4 AMTDS for en-ergy sav-ing un-der the re-quire-ment (AMTDS/ER) 
 []

LaTeX Font Info:    Kanji font shape `JY1/gt/m/it' undefined
(Font)              No change on input line 756.

Package fancyhdr Warning: \headheight is too small (14.22636pt): 
(fancyhdr)                Make it at least 16.49998pt, for example:
(fancyhdr)                \setlength{\headheight}{16.49998pt}.
(fancyhdr)                You might also make \topmargin smaller to compensate:
(fancyhdr)                \addtolength{\topmargin}{-2.27362pt}.

[15]
LaTeX Font Info:    Kanji font shape `JY1/gt/m/it' undefined
(Font)              No change on input line 820.
LaTeX Font Info:    Kanji font shape `JY1/gt/m/it' undefined
(Font)              No change on input line 831.
LaTeX Font Info:    Kanji font shape `JY1/gt/m/it' undefined
(Font)              No change on input line 835.
LaTeX Font Info:    Kanji font shape `JY1/gt/m/it' undefined
(Font)              No change on input line 836.
LaTeX Font Info:    Kanji font shape `JY1/gt/m/it' undefined
(Font)              No change on input line 837.
LaTeX Font Info:    Kanji font shape `JY1/gt/m/it' undefined
(Font)              No change on input line 838.
LaTeX Font Info:    Kanji font shape `JY1/gt/m/it' undefined
(Font)              No change on input line 840.
LaTeX Font Info:    Kanji font shape `JY1/gt/m/it' undefined
(Font)              No change on input line 841.
LaTeX Font Info:    Kanji font shape `JY1/gt/m/it' undefined
(Font)              No change on input line 844.
LaTeX Font Info:    Kanji font shape `JY1/gt/m/it' undefined
(Font)              No change on input line 855.
LaTeX Font Info:    Kanji font shape `JY1/gt/m/it' undefined
(Font)              No change on input line 856.

Package fancyhdr Warning: \headheight is too small (14.22636pt): 
(fancyhdr)                Make it at least 16.49998pt, for example:
(fancyhdr)                \setlength{\headheight}{16.49998pt}.
(fancyhdr)                You might also make \topmargin smaller to compensate:
(fancyhdr)                \addtolength{\topmargin}{-2.27362pt}.

[16]
LaTeX Font Info:    Kanji font shape `JY1/gt/m/it' undefined
(Font)              No change on input line 859.
LaTeX Font Info:    Kanji font shape `JY1/gt/m/it' undefined
(Font)              No change on input line 860.
LaTeX Font Info:    Kanji font shape `JY1/gt/m/it' undefined
(Font)              No change on input line 862.
LaTeX Font Info:    Kanji font shape `JY1/gt/m/it' undefined
(Font)              No change on input line 862.
LaTeX Font Info:    Kanji font shape `JY1/gt/m/it' undefined
(Font)              No change on input line 875.

Package fancyhdr Warning: \headheight is too small (14.22636pt): 
(fancyhdr)                Make it at least 16.49998pt, for example:
(fancyhdr)                \setlength{\headheight}{16.49998pt}.
(fancyhdr)                You might also make \topmargin smaller to compensate:
(fancyhdr)                \addtolength{\topmargin}{-2.27362pt}.

[17]
LaTeX Font Info:    Kanji font shape `JY1/gt/m/it' undefined
(Font)              No change on input line 907.
LaTeX Font Info:    Kanji font shape `JY1/gt/m/it' undefined
(Font)              No change on input line 910.
LaTeX Font Info:    Kanji font shape `JY1/gt/m/it' undefined
(Font)              No change on input line 910.
File: figures/Flowchart_stop_E.png Graphic file (type bmp)
<figures/Flowchart_stop_E.png>

Package fancyhdr Warning: \headheight is too small (14.22636pt): 
(fancyhdr)                Make it at least 16.49998pt, for example:
(fancyhdr)                \setlength{\headheight}{16.49998pt}.
(fancyhdr)                You might also make \topmargin smaller to compensate:
(fancyhdr)                \addtolength{\topmargin}{-2.27362pt}.

[18]

Package fancyhdr Warning: \headheight is too small (14.22636pt): 
(fancyhdr)                Make it at least 16.49998pt, for example:
(fancyhdr)                \setlength{\headheight}{16.49998pt}.
(fancyhdr)                You might also make \topmargin smaller to compensate:
(fancyhdr)                \addtolength{\topmargin}{-2.27362pt}.

[19]

Package fancyhdr Warning: \headheight is too small (14.22636pt): 
(fancyhdr)                Make it at least 16.49998pt, for example:
(fancyhdr)                \setlength{\headheight}{16.49998pt}.
(fancyhdr)                You might also make \topmargin smaller to compensate:
(fancyhdr)                \addtolength{\topmargin}{-2.27362pt}.

[20]
Overfull \hbox (37.28273pt too wide) in paragraph at lines 1058--1063
[]\OT1/cmr/m/n/12 AMTDS/ER \JY1/mc/m/n/12 では ， 式 \OT1/cmr/m/n/12 (40) \JY1/mc/m/n/12 を用いて $\OML/cmm/m/it/12 T$ \JY1/mc/m/n/12 ステ ッ プ後のイベント量を予測していたが ， \OT1/cmr/m/n/12 AMTDS/ERC
 []


Overfull \hbox (48.13824pt too wide) in paragraph at lines 1070--1109
[][]  [] 
 []

LaTeX Font Info:    Kanji font shape `JY1/gt/m/it' undefined
(Font)              No change on input line 1119.
LaTeX Font Info:    Kanji font shape `JY1/gt/m/it' undefined
(Font)              No change on input line 1121.

Overfull \hbox (10.08817pt too wide) in paragraph at lines 1135--1147
 [][][][] 
 []


Overfull \hbox (48.13824pt too wide) in paragraph at lines 1111--1148
[][]  [] 
 []

File: figures/Graph_Office.png Graphic file (type bmp)
<figures/Graph_Office.png>
File: figures/Graph_Complex.png Graphic file (type bmp)
<figures/Graph_Complex.png>

Package fancyhdr Warning: \headheight is too small (14.22636pt): 
(fancyhdr)                Make it at least 16.49998pt, for example:
(fancyhdr)                \setlength{\headheight}{16.49998pt}.
(fancyhdr)                You might also make \topmargin smaller to compensate:
(fancyhdr)                \addtolength{\topmargin}{-2.27362pt}.

[21]

Package fancyhdr Warning: \headheight is too small (14.22636pt): 
(fancyhdr)                Make it at least 16.49998pt, for example:
(fancyhdr)                \setlength{\headheight}{16.49998pt}.
(fancyhdr)                You might also make \topmargin smaller to compensate:
(fancyhdr)                \addtolength{\topmargin}{-2.27362pt}.

[22]

Package fancyhdr Warning: \headheight is too small (14.22636pt): 
(fancyhdr)                Make it at least 16.49998pt, for example:
(fancyhdr)                \setlength{\headheight}{16.49998pt}.
(fancyhdr)                You might also make \topmargin smaller to compensate:
(fancyhdr)                \addtolength{\topmargin}{-2.27362pt}.

[23]
File: figures/ds_graph_3600_ave_ER_Office_600.png Graphic file (type bmp)
<figures/ds_graph_3600_ave_ER_Office_600.png>
File: figures/cs_graph_3600_ave_ER_Office_600.png Graphic file (type bmp)
<figures/cs_graph_3600_ave_ER_Office_600.png>
File: figures/ds_graph_3600_ave_ER_Complex_600.png Graphic file (type bmp)
<figures/ds_graph_3600_ave_ER_Complex_600.png>
File: figures/cs_graph_3600_ave_ER_Complex_600.png Graphic file (type bmp)
<figures/cs_graph_3600_ave_ER_Complex_600.png>
File: figures/CorrectionScatter_Office_ER.png Graphic file (type bmp)
<figures/CorrectionScatter_Office_ER.png>
File: figures/CorrectionScatter_Complex_ER.png Graphic file (type bmp)
<figures/CorrectionScatter_Complex_ER.png>
File: figures/al_graph_ER_Office_top.png Graphic file (type bmp)
<figures/al_graph_ER_Office_top.png>
File: figures/al_graph_ER_Office_worst.png Graphic file (type bmp)
<figures/al_graph_ER_Office_worst.png>
File: figures/al_graph_ER_Complex_top.png Graphic file (type bmp)
<figures/al_graph_ER_Complex_top.png>
File: figures/al_graph_ER_Complex_worst.png Graphic file (type bmp)
<figures/al_graph_ER_Complex_worst.png>
LaTeX Font Info:    Kanji font shape `JY1/gt/m/it' undefined
(Font)              No change on input line 1342.

Overfull \hbox (12.16664pt too wide) in paragraph at lines 1340--1348
[]\JY1/mc/m/n/12 この項では ， 実験 \OT1/cmr/m/n/12 1 \JY1/mc/m/n/12 と実験 \OT1/cmr/m/n/12 2 \JY1/mc/m/n/12 でのエ ージ ェ ントの行動を解析し ， 提案手法である \OT1/cmr/m/n/12 AMTDS/ER
 []


Package fancyhdr Warning: \headheight is too small (14.22636pt): 
(fancyhdr)                Make it at least 16.49998pt, for example:
(fancyhdr)                \setlength{\headheight}{16.49998pt}.
(fancyhdr)                You might also make \topmargin smaller to compensate:
(fancyhdr)                \addtolength{\topmargin}{-2.27362pt}.

[24]

Package fancyhdr Warning: \headheight is too small (14.22636pt): 
(fancyhdr)                Make it at least 16.49998pt, for example:
(fancyhdr)                \setlength{\headheight}{16.49998pt}.
(fancyhdr)                You might also make \topmargin smaller to compensate:
(fancyhdr)                \addtolength{\topmargin}{-2.27362pt}.

[25]

Package fancyhdr Warning: \headheight is too small (14.22636pt): 
(fancyhdr)                Make it at least 16.49998pt, for example:
(fancyhdr)                \setlength{\headheight}{16.49998pt}.
(fancyhdr)                You might also make \topmargin smaller to compensate:
(fancyhdr)                \addtolength{\topmargin}{-2.27362pt}.

[26]

Package fancyhdr Warning: \headheight is too small (14.22636pt): 
(fancyhdr)                Make it at least 16.49998pt, for example:
(fancyhdr)                \setlength{\headheight}{16.49998pt}.
(fancyhdr)                You might also make \topmargin smaller to compensate:
(fancyhdr)                \addtolength{\topmargin}{-2.27362pt}.

[27]
LaTeX Font Info:    Kanji font shape `JY1/gt/m/it' undefined
(Font)              No change on input line 1354.
LaTeX Font Info:    Kanji font shape `JY1/gt/m/it' undefined
(Font)              No change on input line 1355.
LaTeX Font Info:    Kanji font shape `JY1/gt/m/it' undefined
(Font)              No change on input line 1359.
LaTeX Font Info:    Kanji font shape `JY1/gt/m/it' undefined
(Font)              No change on input line 1360.
LaTeX Font Info:    Kanji font shape `JY1/gt/m/it' undefined
(Font)              No change on input line 1361.

Package fancyhdr Warning: \headheight is too small (14.22636pt): 
(fancyhdr)                Make it at least 16.49998pt, for example:
(fancyhdr)                \setlength{\headheight}{16.49998pt}.
(fancyhdr)                You might also make \topmargin smaller to compensate:
(fancyhdr)                \addtolength{\topmargin}{-2.27362pt}.

[28]
File: figures/ds_graph_3600_ave_ER_Office_600&1000.png Graphic file (type bmp)
<figures/ds_graph_3600_ave_ER_Office_600&1000.png>
File: figures/cs_graph_3600_ave_ER_Office_600&1000.png Graphic file (type bmp)
<figures/cs_graph_3600_ave_ER_Office_600&1000.png>
File: figures/CorrectionScatter_ChangeRequirement_2m.png Graphic file (type bmp)
<figures/CorrectionScatter_ChangeRequirement_2m.png>
File: figures/CorrectionScatter_ChangeRequirement_4m.png Graphic file (type bmp)
<figures/CorrectionScatter_ChangeRequirement_4m.png>
File: figures/CorrectionScatter_ChangeRequirement_6m.png Graphic file (type bmp)
<figures/CorrectionScatter_ChangeRequirement_6m.png>

LaTeX Warning: Float too large for page by 12.25668pt on input line 1417.

File: figures/al_graph_ER_ChangeRequirement_dual.png Graphic file (type bmp)
<figures/al_graph_ER_ChangeRequirement_dual.png>
File: figures/al_graph_ER_ChangeRequirement_first.png Graphic file (type bmp)
<figures/al_graph_ER_ChangeRequirement_first.png>
File: figures/al_graph_ER_ChangeRequirement_second.png Graphic file (type bmp)
<figures/al_graph_ER_ChangeRequirement_second.png>
LaTeX Font Info:    Kanji font shape `JY1/gt/m/it' undefined
(Font)              No change on input line 1462.

LaTeX Warning: Reference `fig:fig:al_ChangeRequirement_first' on page 29 undefined on input line 1488.


Package fancyhdr Warning: \headheight is too small (14.22636pt): 
(fancyhdr)                Make it at least 16.49998pt, for example:
(fancyhdr)                \setlength{\headheight}{16.49998pt}.
(fancyhdr)                You might also make \topmargin smaller to compensate:
(fancyhdr)                \addtolength{\topmargin}{-2.27362pt}.

[29]

Package fancyhdr Warning: \headheight is too small (14.22636pt): 
(fancyhdr)                Make it at least 16.49998pt, for example:
(fancyhdr)                \setlength{\headheight}{16.49998pt}.
(fancyhdr)                You might also make \topmargin smaller to compensate:
(fancyhdr)                \addtolength{\topmargin}{-2.27362pt}.

[30]

Package fancyhdr Warning: \headheight is too small (14.22636pt): 
(fancyhdr)                Make it at least 16.49998pt, for example:
(fancyhdr)                \setlength{\headheight}{16.49998pt}.
(fancyhdr)                You might also make \topmargin smaller to compensate:
(fancyhdr)                \addtolength{\topmargin}{-2.27362pt}.

[31]

Package fancyhdr Warning: \headheight is too small (14.22636pt): 
(fancyhdr)                Make it at least 16.49998pt, for example:
(fancyhdr)                \setlength{\headheight}{16.49998pt}.
(fancyhdr)                You might also make \topmargin smaller to compensate:
(fancyhdr)                \addtolength{\topmargin}{-2.27362pt}.

[32]
File: figures/ds_graph_3600_ave_ER_Office_randomStop.png Graphic file (type bmp)
<figures/ds_graph_3600_ave_ER_Office_randomStop.png>
File: figures/cs_graph_3600_ave_ER_Office_randomStop.png Graphic file (type bmp)
<figures/cs_graph_3600_ave_ER_Office_randomStop.png>
File: figures/CorrectionScatter_Office_RandomStop_before.png Graphic file (type bmp)
<figures/CorrectionScatter_Office_RandomStop_before.png>
File: figures/CorrectionScatter_Office_RandomStop_after.png Graphic file (type bmp)
<figures/CorrectionScatter_Office_RandomStop_after.png>
File: figures/CorrectionTransition_RandomStop_10.png Graphic file (type bmp)
<figures/CorrectionTransition_RandomStop_10.png>
File: figures/CorrectionTransition_RandomStop_7.png Graphic file (type bmp)
<figures/CorrectionTransition_RandomStop_7.png>
File: figures/ds_graph_3600_ave_ER_Office_descendingStop.png Graphic file (type bmp)
<figures/ds_graph_3600_ave_ER_Office_descendingStop.png>
File: figures/cs_graph_3600_ave_ER_Office_descendingStop.png Graphic file (type bmp)
<figures/cs_graph_3600_ave_ER_Office_descendingStop.png>
File: figures/CorrectionScatter_Office_DescendingStop_before.png Graphic file (type bmp)
<figures/CorrectionScatter_Office_DescendingStop_before.png>
File: figures/CorrectionScatter_Office_DescendingStop_after.png Graphic file (type bmp)
<figures/CorrectionScatter_Office_DescendingStop_after.png>
File: figures/CorrectionTransition_DescendingStop_2.png Graphic file (type bmp)
<figures/CorrectionTransition_DescendingStop_2.png>
File: figures/CorrectionTransition_DescendingStop_10.png Graphic file (type bmp)
<figures/CorrectionTransition_DescendingStop_10.png>
LaTeX Font Info:    Kanji font shape `JY1/gt/m/it' undefined
(Font)              No change on input line 1602.

Package fancyhdr Warning: \headheight is too small (14.22636pt): 
(fancyhdr)                Make it at least 16.49998pt, for example:
(fancyhdr)                \setlength{\headheight}{16.49998pt}.
(fancyhdr)                You might also make \topmargin smaller to compensate:
(fancyhdr)                \addtolength{\topmargin}{-2.27362pt}.

[33]

Package fancyhdr Warning: \headheight is too small (14.22636pt): 
(fancyhdr)                Make it at least 16.49998pt, for example:
(fancyhdr)                \setlength{\headheight}{16.49998pt}.
(fancyhdr)                You might also make \topmargin smaller to compensate:
(fancyhdr)                \addtolength{\topmargin}{-2.27362pt}.

[34]

Package fancyhdr Warning: \headheight is too small (14.22636pt): 
(fancyhdr)                Make it at least 16.49998pt, for example:
(fancyhdr)                \setlength{\headheight}{16.49998pt}.
(fancyhdr)                You might also make \topmargin smaller to compensate:
(fancyhdr)                \addtolength{\topmargin}{-2.27362pt}.

[35]

Package fancyhdr Warning: \headheight is too small (14.22636pt): 
(fancyhdr)                Make it at least 16.49998pt, for example:
(fancyhdr)                \setlength{\headheight}{16.49998pt}.
(fancyhdr)                You might also make \topmargin smaller to compensate:
(fancyhdr)                \addtolength{\topmargin}{-2.27362pt}.

[36]

Package fancyhdr Warning: \headheight is too small (14.22636pt): 
(fancyhdr)                Make it at least 16.49998pt, for example:
(fancyhdr)                \setlength{\headheight}{16.49998pt}.
(fancyhdr)                You might also make \topmargin smaller to compensate:
(fancyhdr)                \addtolength{\topmargin}{-2.27362pt}.

[37]
File: figures/ds_graph_3600_ave_CountStop_Office_600.png Graphic file (type bmp)
<figures/ds_graph_3600_ave_CountStop_Office_600.png>
File: figures/cs_graph_3600_ave_CountStop_Office_600.png Graphic file (type bmp)
<figures/cs_graph_3600_ave_CountStop_Office_600.png>

Package fancyhdr Warning: \headheight is too small (14.22636pt): 
(fancyhdr)                Make it at least 16.49998pt, for example:
(fancyhdr)                \setlength{\headheight}{16.49998pt}.
(fancyhdr)                You might also make \topmargin smaller to compensate:
(fancyhdr)                \addtolength{\topmargin}{-2.27362pt}.

[38]

Package fancyhdr Warning: \headheight is too small (14.22636pt): 
(fancyhdr)                Make it at least 16.49998pt, for example:
(fancyhdr)                \setlength{\headheight}{16.49998pt}.
(fancyhdr)                You might also make \topmargin smaller to compensate:
(fancyhdr)                \addtolength{\topmargin}{-2.27362pt}.

[39]
Overfull \hbox (29.52158pt too wide) in paragraph at lines 1718--1728
[]\JY1/mc/m/n/12 図 \OT1/cmr/m/n/12 28 \JY1/mc/m/n/12 より， \OT1/cmr/m/n/12 De-ac-ti-va-tion on Count \JY1/mc/m/n/12 を用いた \OT1/cmr/m/n/12 AMTDS/ER \JY1/mc/m/n/12 は ， 停止手法を用いない \OT1/cmr/m/n/12 AMTDS/ER
 []

File: figures/CorrectionScatter_Office_CountStop.png Graphic file (type bmp)
<figures/CorrectionScatter_Office_CountStop.png>
File: figures/CorrectionTransition_CountStop_18.png Graphic file (type bmp)
<figures/CorrectionTransition_CountStop_18.png>
File: figures/CorrectionTransition_CountStop_7.png Graphic file (type bmp)
<figures/CorrectionTransition_CountStop_7.png>
File: figures/CorrectionTransition_CountStop_2.png Graphic file (type bmp)
<figures/CorrectionTransition_CountStop_2.png>
File: figures/CorrectionTransition_CountStop_9.png Graphic file (type bmp)
<figures/CorrectionTransition_CountStop_9.png>
LaTeX Font Info:    Kanji font shape `JY1/gt/m/it' undefined
(Font)              No change on input line 1781.

Package fancyhdr Warning: \headheight is too small (14.22636pt): 
(fancyhdr)                Make it at least 16.49998pt, for example:
(fancyhdr)                \setlength{\headheight}{16.49998pt}.
(fancyhdr)                You might also make \topmargin smaller to compensate:
(fancyhdr)                \addtolength{\topmargin}{-2.27362pt}.

[40]

Package fancyhdr Warning: \headheight is too small (14.22636pt): 
(fancyhdr)                Make it at least 16.49998pt, for example:
(fancyhdr)                \setlength{\headheight}{16.49998pt}.
(fancyhdr)                You might also make \topmargin smaller to compensate:
(fancyhdr)                \addtolength{\topmargin}{-2.27362pt}.

[41]
File: figures/ds_graph_3600_ave_TimeStop_Office_600.png Graphic file (type bmp)
<figures/ds_graph_3600_ave_TimeStop_Office_600.png>
File: figures/cs_graph_3600_ave_TimeStop_Office_600.png Graphic file (type bmp)
<figures/cs_graph_3600_ave_TimeStop_Office_600.png>

Overfull \hbox (24.6258pt too wide) in paragraph at lines 1836--1840
[]\JY1/mc/m/n/12 図 \OT1/cmr/m/n/12 33 \JY1/mc/m/n/12 より， \OT1/cmr/m/n/12 De-ac-ti-va-tion on Time \JY1/mc/m/n/12 を用いた \OT1/cmr/m/n/12 AMTDS/ER \JY1/mc/m/n/12 は ， 停止手法を用いない \OT1/cmr/m/n/12 AMTDS/ER
 []

File: figures/CorrectionScatter_Office_TimeStop.png Graphic file (type bmp)
<figures/CorrectionScatter_Office_TimeStop.png>
File: figures/CorrectionTransition_TimeStop_18.png Graphic file (type bmp)
<figures/CorrectionTransition_TimeStop_18.png>
File: figures/CorrectionTransition_TimeStop_7.png Graphic file (type bmp)
<figures/CorrectionTransition_TimeStop_7.png>
File: figures/CorrectionTransition_TimeStop_2.png Graphic file (type bmp)
<figures/CorrectionTransition_TimeStop_2.png>
File: figures/CorrectionTransition_TimeStop_16.png Graphic file (type bmp)
<figures/CorrectionTransition_TimeStop_16.png>
File: figures/ds_graph_3600_ave_CountTime_Office_600.png Graphic file (type bmp)
<figures/ds_graph_3600_ave_CountTime_Office_600.png>
File: figures/cs_graph_3600_ave_CountTime_Office_600.png Graphic file (type bmp)
<figures/cs_graph_3600_ave_CountTime_Office_600.png>
File: figures/ds_graph_3600_ave_TimeStop30_Office_600.png Graphic file (type bmp)
<figures/ds_graph_3600_ave_TimeStop30_Office_600.png>
File: figures/cs_graph_3600_ave_TimeStop30_Office_600.png Graphic file (type bmp)
<figures/cs_graph_3600_ave_TimeStop30_Office_600.png>
File: figures/CorrectionScatter_Office_TimeStop30.png Graphic file (type bmp)
<figures/CorrectionScatter_Office_TimeStop30.png>
LaTeX Font Info:    Kanji font shape `JY1/gt/m/it' undefined
(Font)              No change on input line 1919.

Package fancyhdr Warning: \headheight is too small (14.22636pt): 
(fancyhdr)                Make it at least 16.49998pt, for example:
(fancyhdr)                \setlength{\headheight}{16.49998pt}.
(fancyhdr)                You might also make \topmargin smaller to compensate:
(fancyhdr)                \addtolength{\topmargin}{-2.27362pt}.

[42]

Package fancyhdr Warning: \headheight is too small (14.22636pt): 
(fancyhdr)                Make it at least 16.49998pt, for example:
(fancyhdr)                \setlength{\headheight}{16.49998pt}.
(fancyhdr)                You might also make \topmargin smaller to compensate:
(fancyhdr)                \addtolength{\topmargin}{-2.27362pt}.

[43]

Package fancyhdr Warning: \headheight is too small (14.22636pt): 
(fancyhdr)                Make it at least 16.49998pt, for example:
(fancyhdr)                \setlength{\headheight}{16.49998pt}.
(fancyhdr)                You might also make \topmargin smaller to compensate:
(fancyhdr)                \addtolength{\topmargin}{-2.27362pt}.

[44]

Package fancyhdr Warning: \headheight is too small (14.22636pt): 
(fancyhdr)                Make it at least 16.49998pt, for example:
(fancyhdr)                \setlength{\headheight}{16.49998pt}.
(fancyhdr)                You might also make \topmargin smaller to compensate:
(fancyhdr)                \addtolength{\topmargin}{-2.27362pt}.

[45]

Package fancyhdr Warning: \headheight is too small (14.22636pt): 
(fancyhdr)                Make it at least 16.49998pt, for example:
(fancyhdr)                \setlength{\headheight}{16.49998pt}.
(fancyhdr)                You might also make \topmargin smaller to compensate:
(fancyhdr)                \addtolength{\topmargin}{-2.27362pt}.

[46]

Package fancyhdr Warning: \headheight is too small (14.22636pt): 
(fancyhdr)                Make it at least 16.49998pt, for example:
(fancyhdr)                \setlength{\headheight}{16.49998pt}.
(fancyhdr)                You might also make \topmargin smaller to compensate:
(fancyhdr)                \addtolength{\topmargin}{-2.27362pt}.

[47]
LaTeX Font Info:    Kanji font shape `JY1/gt/m/it' undefined
(Font)              No change on input line 1964.
File: figures/ds_graph_3600_ave_ERC_Office_600.png Graphic file (type bmp)
<figures/ds_graph_3600_ave_ERC_Office_600.png>
File: figures/cs_graph_3600_ave_ERC_Office_600.png Graphic file (type bmp)
<figures/cs_graph_3600_ave_ERC_Office_600.png>
File: figures/ds_graph_3600_ave_ERC_Complex_600.png Graphic file (type bmp)
<figures/ds_graph_3600_ave_ERC_Complex_600.png>
File: figures/cs_graph_3600_ave_ERC_Complex_600.png Graphic file (type bmp)
<figures/cs_graph_3600_ave_ERC_Complex_600.png>
File: figures/CorrectionScatter_Office_ERC.png Graphic file (type bmp)
<figures/CorrectionScatter_Office_ERC.png>
File: figures/CorrectionScatter_Complex_ERC.png Graphic file (type bmp)
<figures/CorrectionScatter_Complex_ERC.png>
File: figures/ExpReal_Office_ESgroup_0.png Graphic file (type bmp)
<figures/ExpReal_Office_ESgroup_0.png>
File: figures/ExpReal_Office_ESgroup_7.png Graphic file (type bmp)
<figures/ExpReal_Office_ESgroup_7.png>
File: figures/ExpReal_Office_Bgroup_2.png Graphic file (type bmp)
<figures/ExpReal_Office_Bgroup_2.png>
File: figures/ExpReal_Office_Bgroup_6.png Graphic file (type bmp)
<figures/ExpReal_Office_Bgroup_6.png>
File: figures/ExpReal_Complex_ESgroup_0.png Graphic file (type bmp)
<figures/ExpReal_Complex_ESgroup_0.png>
File: figures/ExpReal_Complex_ESgroup_3.png Graphic file (type bmp)
<figures/ExpReal_Complex_ESgroup_3.png>
File: figures/ExpReal_Complex_Bgroup_4.png Graphic file (type bmp)
<figures/ExpReal_Complex_Bgroup_4.png>
File: figures/ExpReal_Complex_Bgroup_14.png Graphic file (type bmp)
<figures/ExpReal_Complex_Bgroup_14.png>
LaTeX Font Info:    Kanji font shape `JY1/gt/m/it' undefined
(Font)              No change on input line 2128.

Overfull \hbox (20.32628pt too wide) in paragraph at lines 2127--2136
[]\JY1/mc/m/n/12 この項では ， 実験 \OT1/cmr/m/n/12 7 \JY1/mc/m/n/12 と実験 \OT1/cmr/m/n/12 8 \JY1/mc/m/n/12 でのエ ージ ェ ントの行動を解析し ， 提案手法である \OT1/cmr/m/n/12 AMTDS/ERC
 []


Package fancyhdr Warning: \headheight is too small (14.22636pt): 
(fancyhdr)                Make it at least 16.49998pt, for example:
(fancyhdr)                \setlength{\headheight}{16.49998pt}.
(fancyhdr)                You might also make \topmargin smaller to compensate:
(fancyhdr)                \addtolength{\topmargin}{-2.27362pt}.

[48]

Package fancyhdr Warning: \headheight is too small (14.22636pt): 
(fancyhdr)                Make it at least 16.49998pt, for example:
(fancyhdr)                \setlength{\headheight}{16.49998pt}.
(fancyhdr)                You might also make \topmargin smaller to compensate:
(fancyhdr)                \addtolength{\topmargin}{-2.27362pt}.

[49]

Package fancyhdr Warning: \headheight is too small (14.22636pt): 
(fancyhdr)                Make it at least 16.49998pt, for example:
(fancyhdr)                \setlength{\headheight}{16.49998pt}.
(fancyhdr)                You might also make \topmargin smaller to compensate:
(fancyhdr)                \addtolength{\topmargin}{-2.27362pt}.

[50]

Package fancyhdr Warning: \headheight is too small (14.22636pt): 
(fancyhdr)                Make it at least 16.49998pt, for example:
(fancyhdr)                \setlength{\headheight}{16.49998pt}.
(fancyhdr)                You might also make \topmargin smaller to compensate:
(fancyhdr)                \addtolength{\topmargin}{-2.27362pt}.

[51]

Package fancyhdr Warning: \headheight is too small (14.22636pt): 
(fancyhdr)                Make it at least 16.49998pt, for example:
(fancyhdr)                \setlength{\headheight}{16.49998pt}.
(fancyhdr)                You might also make \topmargin smaller to compensate:
(fancyhdr)                \addtolength{\topmargin}{-2.27362pt}.

[52]
LaTeX Font Info:    Kanji font shape `JY1/gt/m/it' undefined
(Font)              No change on input line 2147.
LaTeX Font Info:    Kanji font shape `JY1/gt/m/it' undefined
(Font)              No change on input line 2153.

Package fancyhdr Warning: \headheight is too small (14.22636pt): 
(fancyhdr)                Make it at least 16.49998pt, for example:
(fancyhdr)                \setlength{\headheight}{16.49998pt}.
(fancyhdr)                You might also make \topmargin smaller to compensate:
(fancyhdr)                \addtolength{\topmargin}{-2.27362pt}.

[53]
Overfull \hbox (15.64687pt too wide) in paragraph at lines 2183--2195
[]\JY1/mc/m/n/12 既存研究である \OT1/cmr/m/n/12 AMTDS \JY1/mc/m/n/12 と \OT1/cmr/m/n/12 AMTDS/ESC \JY1/mc/m/n/12 や ， \OT1/cmr/m/n/12 AMTDS/EDC \JY1/mc/m/n/12 と比較した結果 ， \OT1/cmr/m/n/12 AMTDS/ER
 []


Package fancyhdr Warning: \headheight is too small (14.22636pt): 
(fancyhdr)                Make it at least 16.49998pt, for example:
(fancyhdr)                \setlength{\headheight}{16.49998pt}.
(fancyhdr)                You might also make \topmargin smaller to compensate:
(fancyhdr)                \addtolength{\topmargin}{-2.27362pt}.

[54] (out/KoheiMatsumoto.bbl
LaTeX Font Info:    Kanji font shape `JY1/gt/m/it' undefined
(Font)              No change on input line 7.
LaTeX Font Info:    Kanji font shape `JY1/gt/m/it' undefined
(Font)              No change on input line 13.
LaTeX Font Info:    Kanji font shape `JY1/gt/m/it' undefined
(Font)              No change on input line 21.
LaTeX Font Info:    Kanji font shape `JY1/gt/m/it' undefined
(Font)              No change on input line 29.
LaTeX Font Info:    Kanji font shape `JY1/gt/m/it' undefined
(Font)              No change on input line 37.
LaTeX Font Info:    Kanji font shape `JY1/gt/m/it' undefined
(Font)              No change on input line 43.
LaTeX Font Info:    Kanji font shape `JY1/gt/m/it' undefined
(Font)              No change on input line 50.
LaTeX Font Info:    Kanji font shape `JY1/gt/m/it' undefined
(Font)              No change on input line 56.
LaTeX Font Info:    Kanji font shape `JY1/gt/m/it' undefined
(Font)              No change on input line 65.
LaTeX Font Info:    Kanji font shape `JY1/gt/m/it' undefined
(Font)              No change on input line 71.
LaTeX Font Info:    Kanji font shape `JY1/gt/m/it' undefined
(Font)              No change on input line 77.

Package fancyhdr Warning: \headheight is too small (14.22636pt): 
(fancyhdr)                Make it at least 16.49998pt, for example:
(fancyhdr)                \setlength{\headheight}{16.49998pt}.
(fancyhdr)                You might also make \topmargin smaller to compensate:
(fancyhdr)                \addtolength{\topmargin}{-2.27362pt}.

[55

]
LaTeX Font Info:    Kanji font shape `JY1/gt/m/it' undefined
(Font)              No change on input line 83.
LaTeX Font Info:    Kanji font shape `JY1/gt/m/it' undefined
(Font)              No change on input line 90.
LaTeX Font Info:    Kanji font shape `JY1/gt/m/it' undefined
(Font)              No change on input line 97.
LaTeX Font Info:    Kanji font shape `JY1/gt/m/it' undefined
(Font)              No change on input line 104.
LaTeX Font Info:    Kanji font shape `JY1/gt/m/it' undefined
(Font)              No change on input line 112.
LaTeX Font Info:    Kanji font shape `JY1/gt/m/it' undefined
(Font)              No change on input line 122.
LaTeX Font Info:    Kanji font shape `JY1/gt/m/it' undefined
(Font)              No change on input line 129.
LaTeX Font Info:    Kanji font shape `JY1/gt/m/it' undefined
(Font)              No change on input line 136.
LaTeX Font Info:    Kanji font shape `JY1/gt/m/it' undefined
(Font)              No change on input line 150.

Package fancyhdr Warning: \headheight is too small (14.22636pt): 
(fancyhdr)                Make it at least 16.49998pt, for example:
(fancyhdr)                \setlength{\headheight}{16.49998pt}.
(fancyhdr)                You might also make \topmargin smaller to compensate:
(fancyhdr)                \addtolength{\topmargin}{-2.27362pt}.

[56])

Package fancyhdr Warning: \headheight is too small (14.22636pt): 
(fancyhdr)                Make it at least 16.49998pt, for example:
(fancyhdr)                \setlength{\headheight}{16.49998pt}.
(fancyhdr)                You might also make \topmargin smaller to compensate:
(fancyhdr)                \addtolength{\topmargin}{-2.27362pt}.

[57] (out/KoheiMatsumoto.aux)

LaTeX Warning: There were undefined references.

 ) 
Here is how much of TeX's memory you used:
 4991 strings out of 475530
 92456 string characters out of 5794171
 433356 words of memory out of 5000000
 26503 multiletter control sequences out of 15000+600000
 491086 words of font info for 114 fonts, out of 8000000 for 9000
 929 hyphenation exceptions out of 8191
 67i,13n,77p,350b,714s stack positions out of 10000i,1000n,20000p,200000b,200000s

Output written on out/KoheiMatsumoto.dvi (61 pages, 227044 bytes).
